2025-09-29 20:28:57,691 - INFO - Starting SRF2025 PDF contributions extraction
2025-09-29 20:28:57,691 - INFO - Opening PDF: contributions.pdf
2025-09-29 20:28:57,814 - INFO - PDF has 357 pages, processing pages 2-357
2025-09-29 20:28:57,814 - INFO - Extracted contribution: MOA01 - 5 year operation of RIKEN super-conducting linac...
2025-09-29 20:28:57,835 - INFO - Extracted contribution: MOP09 - Dynamics issues and challenges of superconducting...
2025-09-29 20:28:57,841 - INFO - Extracted contribution: TUP09 - Point contact tunneling spectroscopy for SRF...
2025-09-29 20:28:57,848 - INFO - Extracted contribution: WEB03 - Oxygen vacancies in niobium pentoxide as a source...
2025-09-29 20:28:57,853 - INFO - Extracted contribution: THP25 - Cold spray additive manufactured copper as...
2025-09-29 20:28:57,861 - INFO - Extracted contribution: MOB06 - 5 years of SPIRAL2 LINAC operation: cryogenic and...
2025-09-29 20:28:57,871 - INFO - Extracted contribution: MOB05 - Commissioning of the first HElmholtz LInear...
2025-09-29 20:28:57,878 - INFO - Extracted contribution: TUA02 - The path to high duty cycle at European XFEL:...
2025-09-29 20:28:57,891 - INFO - Extracted contribution: TUB04 - Plasma electrolytic polishing of 1.3 GHz cavities...
2025-09-29 20:28:57,910 - INFO - Extracted contribution: FRB05 - Detection of high-f gravitational waves using SRF...
2025-09-29 20:28:57,922 - INFO - Extracted contribution: THA02 - Development of Nb3Sn coatings on copper at...
2025-09-29 20:28:57,937 - INFO - Extracted contribution: FRA06 - RF DIPOLE CRYOMODULE TESTS...
2025-09-29 20:28:57,949 - INFO - Extracted contribution: WEB01 - Insights on the effect of N and O impurities towar...
2025-09-29 20:28:57,957 - INFO - Extracted contribution: TUB05 - Plasma processing of FRIB low-beta cryomodules...
2025-09-29 20:28:57,966 - INFO - Extracted contribution: THA06 - Nonequilibrium corrections and Higgs mode in...
2025-09-29 20:28:57,971 - INFO - Extracted contribution: THA01 - Production of Nb3Sn film on copper substrate by th...
2025-09-29 20:28:57,981 - INFO - Extracted contribution: THA05 - Investigation of anti-Q-slope and Q-slope effects ...
2025-09-29 20:28:57,987 - INFO - Extracted contribution: MOP31 - Electromagnetic design of a quadrupole resonator...
2025-09-29 20:28:57,998 - INFO - Extracted contribution: MOP61 - Design and testing of high power test bench for...
2025-09-29 20:28:58,003 - INFO - Extracted contribution: TUP70 - A low-level radio frequency (LLRF) control system...
2025-09-29 20:28:58,015 - INFO - Extracted contribution: WEA02 - Nb3Sn development for low-beta cavities...
2025-09-29 20:28:58,025 - INFO - Extracted contribution: THA04 - Studies as a function of different ALD capping lay...
2025-09-29 20:28:58,034 - INFO - Extracted contribution: TUA04 - Studies of in-situ baking of SRF niobium cavities...
2025-09-29 20:28:58,041 - INFO - Extracted contribution: MOA02 - Crystallinity in niobium oxides: a pathway for...
2025-09-29 20:28:58,048 - INFO - Extracted contribution: FRB04 - Perspectives of superconducting materials in SRF a...
2025-09-29 20:28:58,064 - INFO - Extracted contribution: WEA05 - Beam acceleration with a Nb3Sn cryomodule at JLAB...
2025-09-29 20:28:58,074 - INFO - Extracted contribution: MOB01 - Commissioning experience of ESS superconducting...
2025-09-29 20:28:58,082 - INFO - Extracted contribution: TUP38 - The plasma processing development for CSNS-II...
2025-09-29 20:28:58,090 - INFO - Extracted contribution: MOP72 - The horizontal testing of CSNS-II elliptical...
2025-09-29 20:28:58,099 - INFO - Extracted contribution: THB05 - Cold Integration of the DESY CW L-band SRF...
2025-09-29 20:28:58,106 - INFO - Extracted contribution: FRB03 - Overview on current activities of conduction-coole...
2025-09-29 20:28:58,114 - INFO - Extracted contribution: MOP59 - Conduction-cooled operation of an SRF multi-cell...
2025-09-29 20:28:58,114 - INFO - Extracted contribution: TUA01 - Recent progress of SRF linac projects, HIAF and...
2025-09-29 20:28:58,125 - INFO - Extracted contribution: MOP73 - The higher order mode study of CSNS-II...
2025-09-29 20:28:58,131 - INFO - Extracted contribution: FRA05 - SRF Cavity Development for the FCC-ee at 400/800...
2025-09-29 20:28:58,140 - INFO - Extracted contribution: FRA02 - SRF technology challenges for the electron ion...
2025-09-29 20:28:58,147 - INFO - Extracted contribution: FRA04 - Cryogenics for SRF accelerator facilities: recent...
2025-09-29 20:28:58,163 - INFO - Extracted contribution: MOA04 - Specification, design, production and test schedul...
2025-09-29 20:28:58,169 - INFO - Extracted contribution: MOB04 - Status of SRF activities for the SHINE project...
2025-09-29 20:28:58,181 - INFO - Extracted contribution: WEB02 - Flux ratcheting: enhanced magnetic flux expulsion...
2025-09-29 20:28:58,191 - INFO - Extracted contribution: THB03 - Cavity surface inspection: automated defect...
2025-09-29 20:28:58,198 - INFO - Extracted contribution: TUB03 - Advancements in HF-free bipolar pulsed...
2025-09-29 20:28:58,207 - INFO - Extracted contribution: THB04 - Status of the CW SRF gun development at FRIB for...
2025-09-29 20:28:58,219 - INFO - Extracted contribution: MOP80 - Enhancing niobium films for SRF and quantum...
2025-09-29 20:28:58,227 - INFO - Extracted contribution: WEB04 - Direct measurement of magnetic fields generated in...
2025-09-29 20:28:58,236 - INFO - Extracted contribution: THP12 - Unveiling the interplay: cold work, recrystallizat...
2025-09-29 20:28:58,242 - INFO - Extracted contribution: TUP36 - Preparation and test of Nb3Sn cavities by tin vapo...
2025-09-29 20:28:58,247 - INFO - Extracted contribution: TUB06 - Plasma processing under the microscope: a...
2025-09-29 20:28:58,255 - INFO - Extracted contribution: TUB02 - Nb3Sn coating and conduction cooling R&D at KEK...
2025-09-29 20:28:58,260 - INFO - Extracted contribution: FRA03 - Production of 1.3 GHz cavities for SHINE project...
2025-09-29 20:28:58,269 - INFO - Extracted contribution: TUP19 - Development of a 1.3 GHz RF research cavity for us...
2025-09-29 20:28:58,279 - INFO - Extracted contribution: THP45 - HOM antenna upgrades and cavity refurbishment...
2025-09-29 20:28:58,287 - INFO - Extracted contribution: WEB05 - Measurements of RF magnetic field limits of Nb and...
2025-09-29 20:28:58,291 - INFO - Extracted contribution: WEA04 - First beam acceleration using cryo-cooled Nb3Sn...
2025-09-29 20:28:58,300 - INFO - Extracted contribution: MOP53 - RF and Mechanical Design of a 1.3 GHz 7-cell...
2025-09-29 20:28:58,306 - INFO - Extracted contribution: TUB07 - Study of niobium surface under ultra hight vacuum...
2025-09-29 20:28:58,319 - INFO - Extracted contribution: MOB03 - FRIB operation, status of power ramp up, and R&D...
2025-09-29 20:28:58,330 - INFO - Extracted contribution: FRB01 - Experimental demonstration of the slotted...
2025-09-29 20:28:58,336 - INFO - Extracted contribution: TUP78 - Coming closer to high frequency gravitational wave...
2025-09-29 20:28:58,347 - INFO - Extracted contribution: MOP15 - Suppressing Nb oxidation via noble-metal caps and...
2025-09-29 20:28:58,352 - INFO - Extracted contribution: TUP68 - Development of fault identification pipeline for...
2025-09-29 20:28:58,361 - INFO - Extracted contribution: WEA03 - Towards high power tests of an FE-FRT for transien...
2025-09-29 20:28:58,374 - INFO - Extracted contribution: WEB07 - Effects of thin gold layers on performance of 2.6 ...
2025-09-29 20:28:58,384 - INFO - Extracted contribution: TUA06 - SIS multilayer studies and status of the new...
2025-09-29 20:28:58,397 - INFO - Extracted contribution: MOP21 - Commissioning of chemical vapor deposition system...
2025-09-29 20:28:58,403 - INFO - Extracted contribution: MOP11 - Early exploration of zirconium doping SRF cavities...
2025-09-29 20:28:58,409 - INFO - Extracted contribution: TUP13 - Mechanically polishing electroplated Nb3Sn for...
2025-09-29 20:28:58,415 - INFO - Extracted contribution: MOP20 - Initial results for CVD based growth of Nb₃Sn...
2025-09-29 20:28:58,422 - INFO - Extracted contribution: TUP64 - Field emission and particulate contamination in...
2025-09-29 20:28:58,428 - INFO - Extracted contribution: WEA06 - Performance of the Cornell conduction-cooledNb3Sn ...
2025-09-29 20:28:58,436 - INFO - Extracted contribution: TUP10 - Identifying the connections between grain growth...
2025-09-29 20:28:58,442 - INFO - Extracted contribution: THA03 - Improving quench fields of enhanced-Tc surfaces...
2025-09-29 20:28:58,450 - INFO - Extracted contribution: TUP37 - An Update of the Plasma Processing Developments...
2025-09-29 20:28:58,456 - INFO - Extracted contribution: TUP20 - Density-functional theory study of novel recipes t...
2025-09-29 20:28:58,465 - INFO - Extracted contribution: MOA03 - EIC crab cavity RF systems...
2025-09-29 20:28:58,473 - INFO - Extracted contribution: MOB02 - LCLS-SC Operations Status and the LCLS-II-HE...
2025-09-29 20:28:58,482 - INFO - Extracted contribution: FRB02 - Development of a traveling-wave (TW) structure for...
2025-09-29 20:28:58,492 - INFO - Extracted contribution: TUP14 - Measurements of the DC field of first vortexpenetr...
2025-09-29 20:28:58,504 - INFO - Extracted contribution: TUP17 - Characterization of multilayer SRF cavity material...
2025-09-29 20:28:58,514 - INFO - Extracted contribution: WEB06 - Dynamics of few-trapped vortices in niobium at...
2025-09-29 20:28:58,514 - INFO - Extracted contribution: THP19 - RF and DC vortices in superconductors studied with...
2025-09-29 20:28:58,526 - INFO - Extracted contribution: FRA01 - PIP-II SRF cavities performance and field emission...
2025-09-29 20:28:58,532 - INFO - Extracted contribution: MOA05 - Recent advances in 3D SRF cavity-based quantum...
2025-09-29 20:28:58,540 - INFO - Extracted contribution: THB02 - Status of robotics and automation in the SRFcommun...
2025-09-29 20:28:58,547 - INFO - Extracted contribution: THB01 - Semi-automatic robot assisted, clean assembly of...
2025-09-29 20:28:58,551 - INFO - Extracted contribution: TUB01 - Systematic study of annealing effects on RF...
2025-09-29 20:28:58,560 - INFO - Extracted contribution: WEA01 - RF characterization of 1.3 GHz single-cell Nb/Cu...
2025-09-29 20:28:58,565 - INFO - Extracted contribution: TUA03 - Progress of CSNS-II SRF system...
2025-09-29 20:28:58,574 - INFO - Extracted contribution: TUA05 - Enhancement of medium-temperature heat-treated...
2025-09-29 20:28:58,580 - INFO - Extracted contribution: THP53 - Development of 1.3 GHz 3-cell superconducting...
2025-09-29 20:28:58,592 - INFO - Extracted contribution: MOP52 - Electromagnetic-thermal coupling study of the...
2025-09-29 20:28:58,603 - INFO - Extracted contribution: THP10 - Thermal and magnetic flux dynamics in...
2025-09-29 20:28:58,615 - INFO - Extracted contribution: TUP11 - Development of in situ thickness sensor for vapor...
2025-09-29 20:28:58,625 - INFO - Extracted contribution: MOP77 - First ESS LINAC cooldown using the master...
2025-09-29 20:28:58,635 - INFO - Extracted contribution: THP26 - European thin film roadmap...
2025-09-29 20:28:58,641 - INFO - Extracted contribution: THB07 - Progress of assembly and installation of LIPAc SRF...
2025-09-29 20:28:58,654 - INFO - Extracted contribution: TUP58 - Status of the SRF cavity tuner for the MEXT-ATD /...
2025-09-29 20:28:58,660 - INFO - Extracted contribution: THP20 - Molecular dynamics study on the mechanical...
2025-09-29 20:28:58,664 - INFO - Extracted contribution: TUP60 - Real-time cavity simulator and tuner control syste...
2025-09-29 20:28:58,673 - INFO - Extracted contribution: THP61 - Assembly of the LIPAc SRF LINAC cryomodule...
2025-09-29 20:28:58,683 - INFO - Extracted contribution: TUP74 - The RF design of a fast reactive tuner for UK-XFEL...
2025-09-29 20:28:58,692 - INFO - Extracted contribution: THP52 - The development of 648 MHz elliptical proto cavity...
2025-09-29 20:28:58,698 - INFO - Extracted contribution: THP50 - Considerations on using SQUID metamaterials for...
2025-09-29 20:28:58,703 - INFO - Extracted contribution: THP51 - Attempt to include beam loading effects in finite...
2025-09-29 20:28:58,709 - INFO - Extracted contribution: TUP67 - Implementation and initial deployment of embedded...
2025-09-29 20:28:58,714 - INFO - Extracted contribution: MOP14 - High Q –high G study on single cell medium grain...
2025-09-29 20:28:58,724 - INFO - Extracted contribution: THP35 - Microstructural characterization of Nb3Sn thin fil...
2025-09-29 20:28:58,733 - INFO - Extracted contribution: THB06 - First beam commissioning of the bERLinPro...
2025-09-29 20:28:58,747 - INFO - Extracted contribution: MOP16 - Magnetic flux expulsion lens: concept and...
2025-09-29 20:28:58,755 - INFO - Extracted contribution: MOP29 - RF performance results of RF double quarter wave...
2025-09-29 20:28:58,763 - INFO - Extracted contribution: MOP30 - RFD crab cavity HOM evolution: dressed cavities...
2025-09-29 20:28:58,770 - INFO - Extracted contribution: THP72 - New cleanroom nitrogen purge system to be used for...
2025-09-29 20:28:58,778 - INFO - Extracted contribution: THP80 - Searching for axions: a new SRF cavity-based...
2025-09-29 20:28:58,789 - INFO - Extracted contribution: THP59 - PIP-II LB650 cryomodules test bench at CEA...
2025-09-29 20:28:58,797 - INFO - Extracted contribution: THP05 - Beam envelope measurements using beam position...
2025-09-29 20:28:58,803 - INFO - Extracted contribution: TUP27 - Design, simulation and test of 975 MHz...
2025-09-29 20:28:58,808 - INFO - Extracted contribution: MOP04 - Commissioning plans for the CSNS-II...
2025-09-29 20:28:58,816 - INFO - Extracted contribution: MOP08 - Optimization of several operating parameters to...
2025-09-29 20:28:58,816 - INFO - Extracted contribution: THP24 - A LHe-free test facility for thin film SRF cavity...
2025-09-29 20:28:58,836 - INFO - Extracted contribution: TUP33 - Results of 1.3 GHz Nb cavity coated with Nb3Sn thi...
2025-09-29 20:28:58,843 - INFO - Extracted contribution: TUP28 - Optimisation of Nb3Sn Thin Films for SRF...
2025-09-29 20:28:58,847 - INFO - Extracted contribution: TUP53 - First elliptic cavity fabricated with metallograph...
2025-09-29 20:28:58,859 - INFO - Extracted contribution: THP39 - Fabrication of the prototype spoke cavity for the...
2025-09-29 20:28:58,870 - INFO - Extracted contribution: MOP78 - Gamma-based diagnostics of field emission in SRF...
2025-09-29 20:28:58,876 - INFO - Extracted contribution: THP43 - Strain gauge-based position monitoring of...
2025-09-29 20:28:58,880 - INFO - Extracted contribution: THP11 - Role of niobium purity and thermal parameters in...
2025-09-29 20:28:58,893 - INFO - Extracted contribution: TUP24 - Field emission analysis in SRF cavities for PIP-II...
2025-09-29 20:28:58,900 - INFO - Extracted contribution: MOP57 - The design of a compact conduction-cooling system...
2025-09-29 20:28:58,907 - INFO - Extracted contribution: TUP04 - Cavity compensation studies in the JAEA-ADS...
2025-09-29 20:28:58,915 - INFO - Extracted contribution: MOP07 - Beam dynamics studies of cavity failures for the...
2025-09-29 20:28:58,919 - INFO - Extracted contribution: TUP65 - Overview of metal cathode R&D for the CW L-bandSRF...
2025-09-29 20:28:58,928 - INFO - Extracted contribution: MOP63 - Status of the power coupler for the half wave...
2025-09-29 20:28:58,936 - INFO - Extracted contribution: MOP32 - RF testing and performance analysis of low beta...
2025-09-29 20:28:58,943 - INFO - Extracted contribution: THP23 - Fabrication of 1.3 GHz MgB2...
2025-09-29 20:28:58,947 - INFO - Extracted contribution: TUP32 - Research and development of Nb3Sn SRF cavity at...
2025-09-29 20:28:58,955 - INFO - Extracted contribution: MOP60 - Initial conditioning of the 1.5 GHz prototype...
2025-09-29 20:28:58,961 - INFO - Extracted contribution: TUP05 - Three years of operating the superconducting linac...
2025-09-29 20:28:58,970 - INFO - Extracted contribution: TUP57 - Preliminary results of electromagnetic simulation...
2025-09-29 20:28:58,977 - INFO - Extracted contribution: TUP44 - In-situ plasma processing on low-beta cavities at ...
2025-09-29 20:28:58,980 - INFO - Extracted contribution: MOP33 - Status of the 650 MHz elliptical cavities in IMP...
2025-09-29 20:28:58,991 - INFO - Extracted contribution: MOP70 - Status of the 650 MHz high power couplers in IMP...
2025-09-29 20:28:58,998 - INFO - Extracted contribution: MOP37 - Strength evaluation of large-grain niobium sheets...
2025-09-29 20:28:59,002 - INFO - Extracted contribution: THP36 - RF measurements and performance tests at 4 K of...
2025-09-29 20:28:59,015 - INFO - Extracted contribution: THP34 - Characterizing and controlling recovery and...
2025-09-29 20:28:59,022 - INFO - Extracted contribution: MOP36 - The fabrication of the 1.3 GHz single-cell cavitie...
2025-09-29 20:28:59,030 - INFO - Extracted contribution: TUP56 - Development of organic solvent electropolishing...
2025-09-29 20:28:59,036 - INFO - Extracted contribution: TUP48 - Improvement of performance for Nb/Cu...
2025-09-29 20:28:59,043 - INFO - Extracted contribution: MOP24 - Design, fabrication and concept for the surface...
2025-09-29 20:28:59,052 - INFO - Extracted contribution: THP62 - Improved calorimetric cavity measurement...
2025-09-29 20:28:59,059 - INFO - Extracted contribution: TUP69 - Design of an MTCA.4-Based LLRF tuning controller...
2025-09-29 20:28:59,064 - INFO - Extracted contribution: THP78 - Preliminary design of continuous wave low-level RF...
2025-09-29 20:28:59,083 - INFO - Extracted contribution: MOP23 - Strength evaluation of high-purity niobium single...
2025-09-29 20:28:59,090 - INFO - Extracted contribution: TUP50 - Fabrication of seamless single-cell copper ellipti...
2025-09-29 20:28:59,096 - INFO - Extracted contribution: TUP03 - Design, fabrication, assembling and testing of...
2025-09-29 20:28:59,103 - INFO - Extracted contribution: TUP59 - Developments for the RF transmission system of the...
2025-09-29 20:28:59,110 - INFO - Extracted contribution: THP77 - Development of 1.5 GHz harmonic superconducting...
2025-09-29 20:28:59,114 - INFO - Extracted contribution: THP64 - The development and application of expansion joint...
2025-09-29 20:28:59,123 - INFO - Extracted contribution: THP30 - Enhancing superconducting radio-frequency...
2025-09-29 20:28:59,132 - INFO - Extracted contribution: THP28 - The Non-dusting Vacuum system for the Beam line...
2025-09-29 20:28:59,136 - INFO - Extracted contribution: THP07 - Q degradation in operation in ISAC-II SC linac...
2025-09-29 20:28:59,142 - INFO - Extracted contribution: THP06 - The operation of ARIEL e-LINAC RF system...
2025-09-29 20:28:59,147 - INFO - Extracted contribution: THP08 - Progress of prototype RFD crab cavity string...
2025-09-29 20:28:59,156 - INFO - Extracted contribution: TUP79 - Photon frequency conversion in high-Q...
2025-09-29 20:28:59,164 - INFO - Extracted contribution: MOP58 - Design of a 915 MHz conduction-cooled cryomodule...
2025-09-29 20:28:59,173 - INFO - Extracted contribution: MOP62 - Design and conditioning of a low thermal load...
2025-09-29 20:28:59,174 - INFO - Extracted contribution: TUP72 - Progress and challenges on SRF technology...
2025-09-29 20:28:59,187 - INFO - Extracted contribution: MOP10 - France-Japan collaboration for high-Q / high-G SRF...
2025-09-29 20:28:59,194 - INFO - Extracted contribution: THP40 - Measurement of low accelerating gradients in 1.3...
2025-09-29 20:28:59,203 - INFO - Extracted contribution: THP37 - Interface studies of Nb-AlN-NbTiN multilayers...
2025-09-29 20:28:59,213 - INFO - Extracted contribution: MOP22 - Progress in Nb3Sn vapor diffusion method for...
2025-09-29 20:28:59,220 - INFO - Extracted contribution: MOP01 - HOM study for CEPC cavities: HOM damping and...
2025-09-29 20:28:59,226 - INFO - Extracted contribution: TUP29 - Experimental study on deposition of Nb3Sn thin...
2025-09-29 20:28:59,234 - INFO - Extracted contribution: TUP30 - Towards Nb3Sn coated copper cavities for energy...
2025-09-29 20:28:59,240 - INFO - Extracted contribution: THP63 - RF in-situ heating of a single and nine-cell 1.3 G...
2025-09-29 20:28:59,252 - INFO - Extracted contribution: THP32 - Activities on medium grain niobium at DESY...
2025-09-29 20:28:59,260 - INFO - Extracted contribution: THP09 - Magnetic field sensitivity of a QWR under differen...
2025-09-29 20:28:59,265 - INFO - Extracted contribution: THP67 - Feature of NC25 material and impact on flux...
2025-09-29 20:28:59,277 - INFO - Extracted contribution: TUP42 - RF measurement of plasma electrolytic polished 1.3...
2025-09-29 20:28:59,280 - INFO - Extracted contribution: THP60 - Mitigating residual magnetization in coldmass...
2025-09-29 20:28:59,293 - INFO - Extracted contribution: THP21 - Study of multilayer thin-film structures in...
2025-09-29 20:28:59,299 - INFO - Extracted contribution: MOP03 - Operational status and experience of the TLS...
2025-09-29 20:28:59,307 - INFO - Extracted contribution: TUP80 - Search for dark matter with superconducting...
2025-09-29 20:28:59,313 - INFO - Extracted contribution: THP33 - Sideband excitation phenomena study in SRF...
2025-09-29 20:28:59,321 - INFO - Extracted contribution: THP79 - CFD simulation of micron-scale dust particle...
2025-09-29 20:28:59,330 - INFO - Extracted contribution: TUP08 - Beam characterization and lessons learned frombeam...
2025-09-29 20:28:59,330 - INFO - Extracted contribution: MOP49 - Update on INFN LASA in-kind contribution to ESS...
2025-09-29 20:28:59,347 - INFO - Extracted contribution: MOP39 - ITN in Europe: a coordinated effort for ILC...
2025-09-29 20:28:59,357 - INFO - Extracted contribution: THP38 - Virtual cavity probe for the real-time identificat...
2025-09-29 20:28:59,366 - INFO - Extracted contribution: TUP40 - Plasma electrolytic polishing (PEP) at INFN: A...
2025-09-29 20:28:59,366 - INFO - Extracted contribution: TUP45 - Performance analysis of the ESS SRF cavities from...
2025-09-29 20:28:59,379 - INFO - Extracted contribution: TUP46 - Beam-based measurements on ESS SRF cavities...
2025-09-29 20:28:59,380 - INFO - Extracted contribution: TUP47 - Status of the qualification campaign of the ESS...
2025-09-29 20:28:59,393 - INFO - Extracted contribution: MOP44 - CNRS contribution to PIP-II project: overview and...
2025-09-29 20:28:59,402 - INFO - Extracted contribution: MOP18 - Nb3Sn coatings on copper at INFN-LNL...
2025-09-29 20:28:59,415 - INFO - Extracted contribution: MOP43 - First results on plasma cleaning tests in a SSR1-t...
2025-09-29 20:28:59,421 - INFO - Extracted contribution: THP31 - Additive manufacturing for seamless 6 GHz Nb/Cu...
2025-09-29 20:28:59,432 - INFO - Extracted contribution: TUP31 - Development of a new system for Nb₃Sn thin film...
2025-09-29 20:28:59,432 - INFO - Extracted contribution: THP65 - Utilization of remote monitoring tools in the...
2025-09-29 20:28:59,449 - INFO - Extracted contribution: TUP43 - Development of wet nitrogen doping to improve the...
2025-09-29 20:28:59,457 - INFO - Extracted contribution: MOP45 - Preparation and qualification of pre-production...
2025-09-29 20:28:59,464 - INFO - Extracted contribution: MOP46 - Grinding studies for improvement of cavity...
2025-09-29 20:28:59,469 - INFO - Extracted contribution: TUP07 - LCLS-II-HE cavity and cryomodule test performance...
2025-09-29 20:28:59,475 - INFO - Extracted contribution: THP73 - String assembly for the first HELIAC cryomodule...
2025-09-29 20:28:59,482 - INFO - Extracted contribution: TUP01 - Test stand for HELIAC cryomodules at GSI...
2025-09-29 20:28:59,490 - INFO - Extracted contribution: MOP06 - Upgrade of the ELETTRA 2.0 cryogenic plant...
2025-09-29 20:28:59,497 - INFO - Extracted contribution: THP68 - Preliminary thermal load calculations of...
2025-09-29 20:28:59,505 - INFO - Extracted contribution: TUP62 - Specification, design, production including qualit...
2025-09-29 20:28:59,517 - INFO - Extracted contribution: TUP63 - Recent progress of robotic R&D for SRF at KEK...
2025-09-29 20:28:59,524 - INFO - Extracted contribution: TUP39 - Design and simulation of conductive cooling for...
2025-09-29 20:28:59,531 - INFO - Extracted contribution: THP01 - Status of the Mainz Energy-Recovering Accelerator...
2025-09-29 20:28:59,538 - INFO - Extracted contribution: THP42 - Development of a cobot-assisted high pressure...
2025-09-29 20:28:59,547 - INFO - Extracted contribution: THP55 - The influence of rolling direction and surface...
2025-09-29 20:28:59,554 - INFO - Extracted contribution: THP66 - Mock-up waveguide loop development towards a...
2025-09-29 20:28:59,561 - INFO - Extracted contribution: THP56 - The effects of strain path and strain magnitude on...
2025-09-29 20:28:59,570 - INFO - Extracted contribution: MOP81 - High-Q 3D niobium λ/4 coaxial cavities for quantum...
2025-09-29 20:28:59,579 - INFO - Extracted contribution: TUP61 - Design of ILC prototype cryomodule under ITN...
2025-09-29 20:28:59,588 - INFO - Extracted contribution: TUP66 - Commissioning status of the RF power source for th...
2025-09-29 20:28:59,595 - INFO - Extracted contribution: TUP15 - Predicting the critical fields of the vortex state...
2025-09-29 20:28:59,601 - INFO - Extracted contribution: THP15 - Development of niobium 3 GHz single-cell cavity fo...
2025-09-29 20:28:59,606 - INFO - Extracted contribution: THP75 - Expansion of the line-up of high capacity 4 K GM-J...
2025-09-29 20:28:59,615 - INFO - Extracted contribution: THP16 - Impact of initial cold work on the bulk...
2025-09-29 20:28:59,622 - INFO - Extracted contribution: MOP34 - Vertical test results for ITN single cell cavities...
2025-09-29 20:28:59,629 - INFO - Extracted contribution: THP03 - Beam diagnostics and RF cavity operation during...
2025-09-29 20:28:59,637 - INFO - Extracted contribution: THP22 - Thermo-mechanical testing results for IC-DX...
2025-09-29 20:28:59,643 - INFO - Extracted contribution: MOP48 - INFN LASA activities toward the PIP-II LB650 cavit...
2025-09-29 20:28:59,653 - INFO - Extracted contribution: MOP51 - Development of High-Pressure Rinsing (HPR)...
2025-09-29 20:28:59,661 - INFO - Extracted contribution: MOP69 - Design and CW RF transmission test up to 100 kW of...
2025-09-29 20:28:59,664 - INFO - Extracted contribution: THP41 - Magnetic environment optimization in SRF testing...
2025-09-29 20:28:59,674 - INFO - Extracted contribution: MOP54 - Cavities mass production for SHINE at HERT...
2025-09-29 20:28:59,683 - INFO - Extracted contribution: MOP02 - CEPC superconducting RF system EDR design and...
2025-09-29 20:28:59,692 - INFO - Extracted contribution: MOP76 - Status of the cryomodule tests as a part of Polish...
2025-09-29 20:28:59,699 - INFO - Extracted contribution: TUP25 - Localization of field emission emitters in RAONHWR...
2025-09-29 20:28:59,706 - INFO - Extracted contribution: THP44 - Hybrid Wire Laser Additive Manufacturing and CNC...
2025-09-29 20:28:59,714 - INFO - Extracted contribution: MOP27 - Testing and delivery of high beta cavities for the...
2025-09-29 20:28:59,722 - INFO - Extracted contribution: TUP16 - Quality factor analysis of surface-passivated cavi...
2025-09-29 20:28:59,732 - INFO - Extracted contribution: MOP41 - Upgrades to the Daresbury Laboratory Vertical Test...
2025-09-29 20:28:59,747 - INFO - Extracted contribution: MOP40 - Status of PIP-II HB650 cavities production...
2025-09-29 20:28:59,754 - INFO - Extracted contribution: THP17 - RaSTA 2.0 - development of a compact sample test...
2025-09-29 20:28:59,761 - INFO - Extracted contribution: THP54 - Preliminary physics design of 1.3 GHz...
2025-09-29 20:28:59,764 - INFO - Extracted contribution: TUP26 - Statistical analysis of field emission for SHINE...
2025-09-29 20:28:59,775 - INFO - Extracted contribution: TUP41 - Plasma processing on low beta SRF elliptical cavit...
2025-09-29 20:28:59,783 - INFO - Extracted contribution: THP57 - High intensity proton cryomodule parasitic...
2025-09-29 20:28:59,789 - INFO - Extracted contribution: MOP42 - Experimental investigation of plasma processing fo...
2025-09-29 20:28:59,797 - INFO - Extracted contribution: THP18 - Point defects in Nb-based superconducting films...
2025-09-29 20:28:59,813 - INFO - Extracted contribution: MOP79 - Insights into the cryogenic operation of the ESS...
2025-09-29 20:28:59,823 - INFO - Extracted contribution: MOP68 - High-Power RF Conditioning of MYRRHA Prototype...
2025-09-29 20:28:59,833 - INFO - Extracted contribution: THP47 - Local magnetic field evolution in shielded SRF...
2025-09-29 20:28:59,842 - INFO - Extracted contribution: MOP67 - Coupler installations on cavities at CEA followed ...
2025-09-29 20:28:59,851 - INFO - Extracted contribution: THP69 - Construction of the LB650 pre-production...
2025-09-29 20:28:59,859 - INFO - Extracted contribution: MOP38 - SRF R&D activities at INFN-LASA...
2025-09-29 20:28:59,868 - INFO - Extracted contribution: MOP17 - In-situ HRTEM monitoring of oxide layer...
2025-09-29 20:28:59,877 - INFO - Extracted contribution: TUP75 - Damping microphonics in SRF cavities using boron...
2025-09-29 20:28:59,880 - INFO - Extracted contribution: TUP76 - Results from a helium flowmeter that measures SRFc...
2025-09-29 20:28:59,893 - INFO - Extracted contribution: TUP21 - Progress on theory of nanohydride dissipation...
2025-09-29 20:28:59,900 - INFO - Extracted contribution: MOP55 - HOM analysis of the 1.3 GHz 3-cell cavity for...
2025-09-29 20:28:59,907 - INFO - Extracted contribution: MOP65 - Development of a 197 MHz crab cavity cryomodule...
2025-09-29 20:28:59,915 - INFO - Extracted contribution: MOP64 - Fabrication of higher-order mode couplers for...
2025-09-29 20:28:59,921 - INFO - Extracted contribution: TUP71 - Initial results of the ESS cavities parameters...
2025-09-29 20:28:59,930 - INFO - Extracted contribution: TUP77 - Nb3Sn thin films for dark matter detection...
2025-09-29 20:28:59,938 - INFO - Extracted contribution: THP14 - Depth-resolved characterization of the magnetic...
2025-09-29 20:28:59,940 - INFO - Extracted contribution: HT1 - Hot Topic 1: sustainability of accelerator facilit...
2025-09-29 20:28:59,950 - INFO - Extracted contribution: HT2 - Hot Topic 2: development toward extremely high...
2025-09-29 20:28:59,957 - INFO - Extracted contribution: MOP82 - 591 MHz single-cell cavity optimization using...
2025-09-29 20:28:59,966 - INFO - Extracted contribution: MOP83 - Trapped mode and wakefield evaluation of bellows...
2025-09-29 20:28:59,969 - INFO - Extracted contribution: TUP82 - 591 MHz SRF cavity design for the EIC ESR...
2025-09-29 20:28:59,980 - INFO - Extracted contribution: THP82 - LCLS-II-HE cryomodule test results after an...
2025-09-29 20:28:59,986 - INFO - Extracted contribution: TUP83 - High power FPC progress for EIC ESR SRF cavities...
2025-09-29 20:28:59,995 - INFO - Extracted contribution: THP83 - Improving the performance of mid-T baked niobium...
2025-09-29 20:29:00,002 - INFO - Extracted contribution: MOP66 - Higher order modes couplers tuning optimization of...
2025-09-29 20:29:00,013 - INFO - Extracted contribution: KEY1 - Dawn of new era for nuclear physics prevailed by...
2025-09-29 20:29:00,014 - INFO - Extracted contribution: TUP81 - Current status of the high current 1.5 GHz SRF cav...
2025-09-29 20:29:00,027 - INFO - Extracted contribution: MOP26 - Impedance measurement setup design of a silicon...
2025-09-29 20:29:00,030 - INFO - Extracted contribution: TUP55 - Multipacting analysis of the conditioning box of t...
2025-09-29 20:29:00,041 - INFO - Extracted contribution: THP81 - Design of a fast reactive tuner for 1.3 GHz TESLA...
2025-09-29 20:29:00,050 - INFO - Extracted contribution: THP58 - Progress of superconducting quarter-wave...
2025-09-29 20:29:00,097 - INFO - Extracted contribution: MOP19 - ELBE SRF gun –the most advanced source of its kind...
2025-09-29 20:29:00,106 - INFO - Extracted contribution: TUP02 - Application of the plasma processing technique to...
2025-09-29 20:29:00,116 - INFO - Extracted contribution: TUP12 - Evolution of the ELBE SRF gun - improvements...
2025-09-29 20:29:00,119 - INFO - Successfully extracted 278 contributions
2025-09-29 20:29:00,130 - INFO - Data saved to SRF2025_Data
2025-09-29 20:29:00,130 - INFO - HTML explorer created: srf2025_data_explorer.html
2025-09-29 20:29:00,130 - INFO - 
🎉 Extraction completed! Time elapsed: 2.44 seconds
2025-09-29 20:29:00,130 - INFO - 📊 Final statistics:
2025-09-29 20:29:00,130 - INFO -   ✅ Contributions extracted: 278
2025-09-29 20:29:00,130 - INFO -   💾 Data saved to: SRF2025_Data
2025-09-29 20:29:00,134 - INFO -   🌐 HTML explorer: srf2025_data_explorer.html
